This is pdfTeX, Version 3.141592653-2.6-1.40.26 (MiKTeX 24.3) (preloaded format=pdflatex 2024.3.21)  21 MAR 2024 10:09
entering extended mode
 restricted \write18 enabled.
 file:line:error style messages enabled.
 %&-line parsing enabled.
**"c:/Users/cales/OneDrive/UNI/GitHub/UNI/Teoria - Architetture degli Elaboratori/Architetture_degli_Elaboratori.tex"
(c:/Users/cales/OneDrive/UNI/GitHub/UNI/Teoria - Architetture degli Elaboratori/Architetture_degli_Elaboratori.tex
LaTeX2e <2023-11-01> patch level 1
L3 programming layer <2024-03-14>
(C:\Users\cales\AppData\Local\Programs\MiKTeX\tex/latex/base\article.cls
Document Class: article 2023/05/17 v1.4n Standard LaTeX document class
(C:\Users\cales\AppData\Local\Programs\MiKTeX\tex/latex/base\size12.clo
File: size12.clo 2023/05/17 v1.4n Standard LaTeX file (size option)
)
\c@part=\count188
\c@section=\count189
\c@subsection=\count190
\c@subsubsection=\count191
\c@paragraph=\count192
\c@subparagraph=\count193
\c@figure=\count194
\c@table=\count195
\abovecaptionskip=\skip48
\belowcaptionskip=\skip49
\bibindent=\dimen140
) (C:\Users\cales\AppData\Local\Programs\MiKTeX\tex/latex/graphics\graphicx.sty
Package: graphicx 2021/09/16 v1.2d Enhanced LaTeX Graphics (DPC,SPQR)
 (C:\Users\cales\AppData\Local\Programs\MiKTeX\tex/latex/graphics\keyval.sty
Package: keyval 2022/05/29 v1.15 key=value parser (DPC)
\KV@toks@=\toks17
) (C:\Users\cales\AppData\Local\Programs\MiKTeX\tex/latex/graphics\graphics.sty
Package: graphics 2022/03/10 v1.4e Standard LaTeX Graphics (DPC,SPQR)
 (C:\Users\cales\AppData\Local\Programs\MiKTeX\tex/latex/graphics\trig.sty
Package: trig 2021/08/11 v1.11 sin cos tan (DPC)
) (C:\Users\cales\AppData\Local\Programs\MiKTeX\tex/latex/graphics-cfg\graphics.cfg
File: graphics.cfg 2016/06/04 v1.11 sample graphics configuration
)
Package graphics Info: Driver file: pdftex.def on input line 107.
 (C:\Users\cales\AppData\Local\Programs\MiKTeX\tex/latex/graphics-def\pdftex.def
File: pdftex.def 2022/09/22 v1.2b Graphics/color driver for pdftex
))
\Gin@req@height=\dimen141
\Gin@req@width=\dimen142
) (C:\Users\cales\AppData\Local\Programs\MiKTeX\tex/latex/blindtext\blindtext.sty
Package: blindtext 2012/01/06 V2.0 blindtext-Package
 (C:\Users\cales\AppData\Local\Programs\MiKTeX\tex/latex/tools\xspace.sty
Package: xspace 2014/10/28 v1.13 Space after command names (DPC,MH)
)
\c@blindtext=\count196
\c@Blindtext=\count197
\c@blind@countparstart=\count198
\blind@countxx=\count199
\blindtext@numBlindtext=\count266
\blind@countyy=\count267
\c@blindlist=\count268
\c@blindlistlevel=\count269
\c@blindlist@level=\count270
\blind@listitem=\count271
\c@blind@listcount=\count272
\c@blind@levelcount=\count273
\blind@mathformula=\count274
\blind@Mathformula=\count275
\c@blind@randomcount=\count276
\c@blind@randommax=\count277
\c@blind@pangramcount=\count278
\c@blind@pangrammax=\count279
) (C:\Users\cales\AppData\Local\Programs\MiKTeX\tex/latex/titlesec\titlesec.sty
Package: titlesec 2023/10/27 v2.16 Sectioning titles
\ttl@box=\box51
\beforetitleunit=\skip50
\aftertitleunit=\skip51
\ttl@plus=\dimen143
\ttl@minus=\dimen144
\ttl@toksa=\toks18
\titlewidth=\dimen145
\titlewidthlast=\dimen146
\titlewidthfirst=\dimen147
) (C:\Users\cales\AppData\Local\Programs\MiKTeX\tex/generic/babel\babel.sty
Package: babel 2024/02/07 v24.2 The Babel package
\babel@savecnt=\count280
\U@D=\dimen148
\l@unhyphenated=\language79
 (C:\Users\cales\AppData\Local\Programs\MiKTeX\tex/generic/babel\txtbabel.def)
\bbl@readstream=\read2
\bbl@dirlevel=\count281

*************************************
* Local config file bblopts.cfg used
*
(C:\Users\cales\AppData\Local\Programs\MiKTeX\tex/latex/arabi\bblopts.cfg
File: bblopts.cfg 2005/09/08 v0.1 add Arabic and Farsi to "declared" options of babel
) (C:\Users\cales\AppData\Local\Programs\MiKTeX\tex/latex/babel-italian\italian.ldf
Language: italian 2024/01/03 v.1.5.00 Italian support for the babel system
\it@lettering=\count282
\it@doublequoteactive=\count283
\it@ISOcompliance=\count284
)) (C:\Users\cales\AppData\Local\Programs\MiKTeX\tex/generic/babel/locale/it\babel-italian.tex
Package babel Info: Importing font and identification data for italian
(babel)             from babel-it.ini. Reported on input line 11.
) (C:\Users\cales\AppData\Local\Programs\MiKTeX\tex/latex/etoolbox\etoolbox.sty
Package: etoolbox 2020/10/05 v2.5k e-TeX tools for LaTeX (JAW)
\etb@tempcnta=\count285
) (C:\Users\cales\AppData\Local\Programs\MiKTeX\tex/latex/relsize\relsize.sty
Package: relsize 2013/03/29 ver 4.1
) (C:\Users\cales\AppData\Local\Programs\MiKTeX\tex/latex/fancyhdr\fancyhdr.sty
Package: fancyhdr 2022/11/09 v4.1 Extensive control of page headers and footers
\f@nch@headwidth=\skip52
\f@nch@O@elh=\skip53
\f@nch@O@erh=\skip54
\f@nch@O@olh=\skip55
\f@nch@O@orh=\skip56
\f@nch@O@elf=\skip57
\f@nch@O@erf=\skip58
\f@nch@O@olf=\skip59
\f@nch@O@orf=\skip60
) (C:\Users\cales\AppData\Local\Programs\MiKTeX\tex/latex/geometry\geometry.sty
Package: geometry 2020/01/02 v5.9 Page Geometry
 (C:\Users\cales\AppData\Local\Programs\MiKTeX\tex/generic/iftex\ifvtex.sty
Package: ifvtex 2019/10/25 v1.7 ifvtex legacy package. Use iftex instead.
 (C:\Users\cales\AppData\Local\Programs\MiKTeX\tex/generic/iftex\iftex.sty
Package: iftex 2022/02/03 v1.0f TeX engine tests
))
\Gm@cnth=\count286
\Gm@cntv=\count287
\c@Gm@tempcnt=\count288
\Gm@bindingoffset=\dimen149
\Gm@wd@mp=\dimen150
\Gm@odd@mp=\dimen151
\Gm@even@mp=\dimen152
\Gm@layoutwidth=\dimen153
\Gm@layoutheight=\dimen154
\Gm@layouthoffset=\dimen155
\Gm@layoutvoffset=\dimen156
\Gm@dimlist=\toks19
 (C:\Users\cales\AppData\Local\Programs\MiKTeX\tex/latex/geometry\geometry.cfg)) (C:\Users\cales\AppData\Local\Programs\MiKTeX\tex/latex/caption\subcaption.sty
Package: subcaption 2023/07/28 v1.6b Sub-captions (AR)
 (C:\Users\cales\AppData\Local\Programs\MiKTeX\tex/latex/caption\caption.sty
Package: caption 2023/08/05 v3.6o Customizing captions (AR)
 (C:\Users\cales\AppData\Local\Programs\MiKTeX\tex/latex/caption\caption3.sty
Package: caption3 2023/07/31 v2.4d caption3 kernel (AR)
\caption@tempdima=\dimen157
\captionmargin=\dimen158
\caption@leftmargin=\dimen159
\caption@rightmargin=\dimen160
\caption@width=\dimen161
\caption@indent=\dimen162
\caption@parindent=\dimen163
\caption@hangindent=\dimen164
Package caption Info: Standard document class detected.
)
\c@caption@flags=\count289
\c@continuedfloat=\count290
)
Package caption Info: New subtype `subfigure' on input line 238.
\c@subfigure=\count291
Package caption Info: New subtype `subtable' on input line 238.
\c@subtable=\count292
) (C:\Users\cales\AppData\Local\Programs\MiKTeX\tex/latex/listings\listings.sty
\lst@mode=\count293
\lst@gtempboxa=\box52
\lst@token=\toks20
\lst@length=\count294
\lst@currlwidth=\dimen165
\lst@column=\count295
\lst@pos=\count296
\lst@lostspace=\dimen166
\lst@width=\dimen167
\lst@newlines=\count297
\lst@lineno=\count298
\lst@maxwidth=\dimen168
 (C:\Users\cales\AppData\Local\Programs\MiKTeX\tex/latex/listings\lstpatch.sty
File: lstpatch.sty 2024/03/11 1.10a (Carsten Heinz)
) (C:\Users\cales\AppData\Local\Programs\MiKTeX\tex/latex/listings\lstmisc.sty
File: lstmisc.sty 2024/03/11 1.10a (Carsten Heinz)
\c@lstnumber=\count299
\lst@skipnumbers=\count300
\lst@framebox=\box53
) (C:\Users\cales\AppData\Local\Programs\MiKTeX\tex/latex/listings\listings.cfg
File: listings.cfg 2024/03/11 1.10a listings configuration
))
Package: listings 2024/03/11 1.10a (Carsten Heinz)
 (C:\Users\cales\AppData\Local\Programs\MiKTeX\tex/latex/listings\lstlang1.sty
File: lstlang1.sty 2024/03/11 1.10a listings language file
) (C:\Users\cales\AppData\Local\Programs\MiKTeX\tex/latex/listings\lstlang2.sty
File: lstlang2.sty 2024/03/11 1.10a listings language file
) (C:\Users\cales\AppData\Local\Programs\MiKTeX\tex/latex/listings\lstlang3.sty
File: lstlang3.sty 2024/03/11 1.10a listings language file
) (C:\Users\cales\AppData\Local\Programs\MiKTeX\tex/latex/l3backend\l3backend-pdftex.def
File: l3backend-pdftex.def 2024-03-14 L3 backend support: PDF output (pdfTeX)
\l__color_backend_stack_int=\count301
\l__pdf_internal_box=\box54
) (Architetture_degli_Elaboratori.aux

LaTeX Warning: Label `fig:enter-label' multiply defined.


LaTeX Warning: Label `fig:enter-label' multiply defined.


LaTeX Warning: Label `fig:enter-label' multiply defined.


LaTeX Warning: Label `fig:enter-label' multiply defined.


LaTeX Warning: Label `fig:enter-label' multiply defined.


LaTeX Warning: Label `fig:enter-label' multiply defined.


LaTeX Warning: Label `fig:enter-label' multiply defined.


LaTeX Warning: Label `fig:enter-label' multiply defined.


LaTeX Warning: Label `fig:enter-label' multiply defined.


LaTeX Warning: Label `fig:enter-label' multiply defined.


LaTeX Warning: Label `fig:enter-label' multiply defined.

)
\openout1 = `Architetture_degli_Elaboratori.aux'.

LaTeX Font Info:    Checking defaults for OML/cmm/m/it on input line 27.
LaTeX Font Info:    ... okay on input line 27.
LaTeX Font Info:    Checking defaults for OMS/cmsy/m/n on input line 27.
LaTeX Font Info:    ... okay on input line 27.
LaTeX Font Info:    Checking defaults for OT1/cmr/m/n on input line 27.
LaTeX Font Info:    ... okay on input line 27.
LaTeX Font Info:    Checking defaults for T1/cmr/m/n on input line 27.
LaTeX Font Info:    ... okay on input line 27.
LaTeX Font Info:    Checking defaults for TS1/cmr/m/n on input line 27.
LaTeX Font Info:    ... okay on input line 27.
LaTeX Font Info:    Checking defaults for OMX/cmex/m/n on input line 27.
LaTeX Font Info:    ... okay on input line 27.
LaTeX Font Info:    Checking defaults for U/cmr/m/n on input line 27.
LaTeX Font Info:    ... okay on input line 27.
 (C:\Users\cales\AppData\Local\Programs\MiKTeX\tex/context/base/mkii\supp-pdf.mkii
[Loading MPS to PDF converter (version 2006.09.02).]
\scratchcounter=\count302
\scratchdimen=\dimen169
\scratchbox=\box55
\nofMPsegments=\count303
\nofMParguments=\count304
\everyMPshowfont=\toks21
\MPscratchCnt=\count305
\MPscratchDim=\dimen170
\MPnumerator=\count306
\makeMPintoPDFobject=\count307
\everyMPtoPDFconversion=\toks22
) (C:\Users\cales\AppData\Local\Programs\MiKTeX\tex/latex/epstopdf-pkg\epstopdf-base.sty
Package: epstopdf-base 2020-01-24 v2.11 Base part for package epstopdf
Package epstopdf-base Info: Redefining graphics rule for `.eps' on input line 485.
 (C:\Users\cales\AppData\Local\Programs\MiKTeX\tex/latex/00miktex\epstopdf-sys.cfg
File: epstopdf-sys.cfg 2021/03/18 v2.0 Configuration of epstopdf for MiKTeX
))
LaTeX Info: Redefining \it@ocap on input line 27.
LaTeX Info: Redefining \it@ccap on input line 27.


File italian.ldf warning: 
italian.ldf    With OT1 encoding guillemets are poorly faked
italian.ldf    Use T1 encoding
italian.ldf    or specify a font with command \CaporaliFrom
italian.ldf    See the documentation concerning the babel-italian typesetting
italian.ldf    on input line 27.

*geometry* driver: auto-detecting
*geometry* detected driver: pdftex
*geometry* verbose mode - [ preamble ] result:
* driver: pdftex
* paper: <default>
* layout: <same size as paper>
* layoutoffset:(h,v)=(0.0pt,0.0pt)
* modes: 
* h-part:(L,W,R)=(85.35826pt, 443.57848pt, 85.35826pt)
* v-part:(T,H,B)=(85.35826pt, 624.25346pt, 85.35826pt)
* \paperwidth=614.295pt
* \paperheight=794.96999pt
* \textwidth=443.57848pt
* \textheight=624.25346pt
* \oddsidemargin=13.08827pt
* \evensidemargin=13.08827pt
* \topmargin=-23.91173pt
* \headheight=12.0pt
* \headsep=25.0pt
* \topskip=12.0pt
* \footskip=30.0pt
* \marginparwidth=44.0pt
* \marginparsep=10.0pt
* \columnsep=10.0pt
* \skip\footins=10.8pt plus 4.0pt minus 2.0pt
* \hoffset=0.0pt
* \voffset=0.0pt
* \mag=1000
* \@twocolumnfalse
* \@twosidefalse
* \@mparswitchfalse
* \@reversemarginfalse
* (1in=72.27pt=25.4mm, 1cm=28.453pt)

Package caption Info: Begin \AtBeginDocument code.
Package caption Info: listings package is loaded.
Package caption Info: End \AtBeginDocument code.
\c@lstlisting=\count308
LaTeX Font Info:    External font `cmex10' loaded for size
(Font)              <14.4> on input line 28.
LaTeX Font Info:    External font `cmex10' loaded for size
(Font)              <7> on input line 28.
[1

{C:/Users/cales/AppData/Local/MiKTeX/fonts/map/pdftex/pdftex.map}] (Architetture_degli_Elaboratori.toc
LaTeX Font Info:    External font `cmex10' loaded for size
(Font)              <12> on input line 4.
LaTeX Font Info:    External font `cmex10' loaded for size
(Font)              <8> on input line 4.
LaTeX Font Info:    External font `cmex10' loaded for size
(Font)              <6> on input line 4.
 [2])
\tf@toc=\write3
\openout3 = `Architetture_degli_Elaboratori.toc'.

 [3] [4] [5] [6] [7] [8] [9] [10] [11]
LaTeX Font Info:    Trying to load font information for TS1+cmss on input line 104.
 (C:\Users\cales\AppData\Local\Programs\MiKTeX\tex/latex/base\ts1cmss.fd
File: ts1cmss.fd 2023/04/13 v2.5m Standard LaTeX font definitions
) [12] [13]
<Porte Logiche.png, id=47, 479.391pt x 140.9265pt>
File: Porte Logiche.png Graphic file (type png)
<use Porte Logiche.png>
Package pdftex.def Info: Porte Logiche.png  used on input line 145.
(pdftex.def)             Requested size: 443.57848pt x 130.40227pt.
 [14 <./Porte Logiche.png>]
<NMOS.png, id=53, 691.83469pt x 310.15875pt>
File: NMOS.png Graphic file (type png)
<use NMOS.png>
Package pdftex.def Info: NMOS.png  used on input line 151.
(pdftex.def)             Requested size: 443.57848pt x 198.86533pt.
<cMos.png, id=54, 704.6325pt x 321.45094pt>
File: cMos.png Graphic file (type png)
<use cMos.png>
Package pdftex.def Info: cMos.png  used on input line 157.
(pdftex.def)             Requested size: 443.57848pt x 202.3582pt.
 [15 <./NMOS.png> <./cMos.png>]
LaTeX Font Info:    Font shape `OT1/cmss/m/it' in size <12> not available
(Font)              Font shape `OT1/cmss/m/sl' tried instead on input line 166.
 [16] [17]
<Addizionatore.png, id=69, 699.36281pt x 367.3725pt>
File: Addizionatore.png Graphic file (type png)
<use Addizionatore.png>
Package pdftex.def Info: Addizionatore.png  used on input line 209.
(pdftex.def)             Requested size: 332.68385pt x 174.7616pt.
<Sottrattore.png, id=70, 361.35pt x 315.42844pt>
File: Sottrattore.png Graphic file (type png)
<use Sottrattore.png>
Package pdftex.def Info: Sottrattore.png  used on input line 226.
(pdftex.def)             Requested size: 177.42868pt x 154.87894pt.
<Schema.png, id=71, 332.74312pt x 304.13625pt>
File: Schema.png Graphic file (type png)
<use Schema.png>
Package pdftex.def Info: Schema.png  used on input line 232.
(pdftex.def)             Requested size: 177.42868pt x 162.17528pt.


LaTeX Warning: `h' float specifier changed to `ht'.

[18 <./Addizionatore.png>]
<comparatore.png, id=77, 362.85562pt x 321.45094pt>
File: comparatore.png Graphic file (type png)
<use comparatore.png>
Package pdftex.def Info: comparatore.png  used on input line 249.
(pdftex.def)             Requested size: 177.42868pt x 157.1837pt.
<image.png, id=78, 231.86626pt x 134.00063pt>
File: image.png Graphic file (type png)
<use image.png>
Package pdftex.def Info: image.png  used on input line 255.
(pdftex.def)             Requested size: 199.60895pt x 115.36095pt.
 [19 <./Sottrattore.png> <./Schema.png> <./comparatore.png> <./image.png>]
<von neumann.png, id=88, 709.90219pt x 264.99pt>
File: von neumann.png Graphic file (type png)
<use von neumann.png>
Package pdftex.def Info: von neumann.png  used on input line 275.
(pdftex.def)             Requested size: 332.68385pt x 124.18544pt.
 [20 <./von neumann.png>]
<image1.png, id=93, 678.28406pt x 481.8pt>
File: image1.png Graphic file (type png)
<use image1.png>
Package pdftex.def Info: image1.png  used on input line 285.
(pdftex.def)             Requested size: 332.68385pt x 236.31197pt.
 [21 <./image1.png>] [22] [23] [24] [25] [26]
<Memoria Centrale .png, id=114, 509.65407pt x 402.00188pt>
File: Memoria Centrale .png Graphic file (type png)
<use Memoria Centrale .png>
Package pdftex.def Info: Memoria Centrale .png  used on input line 369.
(pdftex.def)             Requested size: 332.68385pt x 262.42064pt.
<Memoria Centrale.png, id=115, 566.86781pt x 261.97874pt>
File: Memoria Centrale.png Graphic file (type png)
<use Memoria Centrale.png>
Package pdftex.def Info: Memoria Centrale.png  used on input line 374.
(pdftex.def)             Requested size: 332.68385pt x 153.75462pt.
 [27 <./Memoria Centrale .png> <./Memoria Centrale.png>] [28]
<input.png, id=124, 487.8225pt x 237.88875pt>
File: input.png Graphic file (type png)
<use input.png>
Package pdftex.def Info: input.png  used on input line 415.
(pdftex.def)             Requested size: 221.78923pt x 108.15605pt.
<controller.png, id=125, 642.14906pt x 322.95656pt>
File: controller.png Graphic file (type png)
<use controller.png>
Package pdftex.def Info: controller.png  used on input line 420.
(pdftex.def)             Requested size: 443.57848pt x 223.09651pt.
 [29 <./input.png>] [30 <./controller.png>] [31]
Overfull \hbox (30.09384pt too wide) in paragraph at lines 455--458
\OT1/cmss/m/n/12 in gra-do di tra-sfe-ri-re, o me-glio du-pli-ca-re, l'in-for-ma-zio-ne con-te-nu-ta nei re-gi-stri. L'\OT1/cmss/bx/n/12 interconnessione
 []

<mux.png, id=138, 351.56343pt x 167.87718pt>
File: mux.png Graphic file (type png)
<use mux.png>
Package pdftex.def Info: mux.png  used on input line 463.
(pdftex.def)             Requested size: 221.78923pt x 105.90663pt.
[32 <./mux.png>]
<demux.png, id=143, 328.22626pt x 158.84344pt>
File: demux.png Graphic file (type png)
<use demux.png>
Package pdftex.def Info: demux.png  used on input line 470.
(pdftex.def)             Requested size: 221.78923pt x 107.33588pt.
<mesh.png, id=144, 397.485pt x 213.04594pt>
File: mesh.png Graphic file (type png)
<use mesh.png>
Package pdftex.def Info: mesh.png  used on input line 477.
(pdftex.def)             Requested size: 221.78923pt x 118.87904pt.
<bus.png, id=145, 331.2375pt x 116.68594pt>
File: bus.png Graphic file (type png)
<use bus.png>
Package pdftex.def Info: bus.png  used on input line 487.
(pdftex.def)             Requested size: 221.78923pt x 78.1293pt.
 [33 <./demux.png> <./mesh.png> <./bus.png>] [34] [35]
<harvard.png, id=158, 548.80031pt x 329.73187pt>
File: harvard.png Graphic file (type png)
<use harvard.png>
Package pdftex.def Info: harvard.png  used on input line 529.
(pdftex.def)             Requested size: 332.68385pt x 199.88837pt.
 [36 <./harvard.png>] [37]
LaTeX Font Info:    Trying to load font information for TS1+cmtt on input line 557.
 (C:\Users\cales\AppData\Local\Programs\MiKTeX\tex/latex/base\ts1cmtt.fd
File: ts1cmtt.fd 2023/04/13 v2.5m Standard LaTeX font definitions
)
LaTeX Font Info:    Font shape `OT1/cmtt/bx/n' in size <10> not available
(Font)              Font shape `OT1/cmtt/m/n' tried instead on input line 560.
 [38]
<disposizione file oggetto.png, id=173, 182.18062pt x 330.48468pt>
File: disposizione file oggetto.png Graphic file (type png)
<use disposizione file oggetto.png>
Package pdftex.def Info: disposizione file oggetto.png  used on input line 598.
(pdftex.def)             Requested size: 133.07489pt x 241.41318pt.
 [39 <./disposizione file oggetto.png>] [40] [41] [42]
<schema mips.png, id=187, 670.00313pt x 433.62pt>
File: schema mips.png Graphic file (type png)
<use schema mips.png>
Package pdftex.def Info: schema mips.png  used on input line 648.
(pdftex.def)             Requested size: 332.68385pt x 215.30753pt.
 [43 <./schema mips.png>]
File: image.png Graphic file (type png)
<use image.png>
Package pdftex.def Info: image.png  used on input line 681.
(pdftex.def)             Requested size: 332.68385pt x 192.28188pt.
 [44]
<coprocessore.png, id=196, 627.84563pt x 261.22594pt>
File: coprocessore.png Graphic file (type png)
<use coprocessore.png>
Package pdftex.def Info: coprocessore.png  used on input line 690.
(pdftex.def)             Requested size: 443.57848pt x 184.55492pt.
 [45 <./coprocessore.png>] [46] [47]
<mars.png, id=208, 508.14844pt x 249.93375pt>
File: mars.png Graphic file (type png)
<use mars.png>
Package pdftex.def Info: mars.png  used on input line 778.
(pdftex.def)             Requested size: 266.14978pt x 130.90826pt.
<introduzione.png, id=209, 252.945pt x 237.88875pt>
File: introduzione.png Graphic file (type png)
<use introduzione.png>
Package pdftex.def Info: introduzione.png  used on input line 784.
(pdftex.def)             Requested size: 221.78923pt x 208.59134pt.
 [48 <./mars.png> <./introduzione.png>] [49] [50] [51] [52]
<registrri-mars.png, id=228, 880.03781pt x 286.82156pt>
File: registrri-mars.png Graphic file (type png)
<use registrri-mars.png>
Package pdftex.def Info: registrri-mars.png  used on input line 910.
(pdftex.def)             Requested size: 443.57848pt x 144.5702pt.
<registri speciali.png, id=229, 837.88031pt x 294.34969pt>
File: registri speciali.png Graphic file (type png)
<use registri speciali.png>
Package pdftex.def Info: registri speciali.png  used on input line 918.
(pdftex.def)             Requested size: 443.57848pt x 155.8294pt.
 [53 <./registrri-mars.png> <./registri speciali.png>] [54]
File: image.png Graphic file (type png)
<use image.png>
Package pdftex.def Info: image.png  used on input line 957.
(pdftex.def)             Requested size: 221.78923pt x 128.17906pt.
 [55]
<istruszione.png, id=242, 351.56343pt x 29.35968pt>
File: istruszione.png Graphic file (type png)
<use istruszione.png>
Package pdftex.def Info: istruszione.png  used on input line 977.
(pdftex.def)             Requested size: 332.68385pt x 27.78265pt.
 [56 <./istruszione.png>]
<flas.png, id=247, 665.48625pt x 235.63031pt>
File: flas.png Graphic file (type png)
<use flas.png>
Package pdftex.def Info: flas.png  used on input line 999.
(pdftex.def)             Requested size: 443.57848pt x 157.06252pt.
 [57 <./flas.png>]
<istruzioni di spostamento.png, id=252, 627.84563pt x 204.01219pt>
File: istruzioni di spostamento.png Graphic file (type png)
<use istruzioni di spostamento.png>
Package pdftex.def Info: istruzioni di spostamento.png  used on input line 1018.
(pdftex.def)             Requested size: 443.57848pt x 144.13368pt.
 [58 <./istruzioni di spostamento.png>]
<operazioni logico aritmetiche.png, id=257, 659.46375pt x 164.11313pt>
File: operazioni logico aritmetiche.png Graphic file (type png)
<use operazioni logico aritmetiche.png>
Package pdftex.def Info: operazioni logico aritmetiche.png  used on input line 1025.
(pdftex.def)             Requested size: 443.57848pt x 110.39093pt.
<operazioni logiche.png, id=258, 659.46375pt x 179.16937pt>
File: operazioni logiche.png Graphic file (type png)
<use operazioni logiche.png>
Package pdftex.def Info: operazioni logiche.png  used on input line 1031.
(pdftex.def)             Requested size: 443.57848pt x 120.51854pt.
 [59 <./operazioni logico aritmetiche.png> <./operazioni logiche.png>]
<shitf e rotazione.png, id=264, 629.35126pt x 104.64093pt>
File: shitf e rotazione.png Graphic file (type png)
<use shitf e rotazione.png>
Package pdftex.def Info: shitf e rotazione.png  used on input line 1041.
(pdftex.def)             Requested size: 443.57848pt x 73.75269pt.
<opecode.png, id=265, 336.50719pt x 233.37187pt>
File: opecode.png Graphic file (type png)
<use opecode.png>
Package pdftex.def Info: opecode.png  used on input line 1047.
(pdftex.def)             Requested size: 332.68385pt x 230.72192pt.
 [60 <./shitf e rotazione.png> <./opecode.png>]
<Operare sui registri di stato.png, id=271, 566.115pt x 159.59625pt>
File: Operare sui registri di stato.png Graphic file (type png)
<use Operare sui registri di stato.png>
Package pdftex.def Info: Operare sui registri di stato.png  used on input line 1054.
(pdftex.def)             Requested size: 443.57848pt x 125.0544pt.
<salto.png, id=272, 645.16031pt x 176.15813pt>
File: salto.png Graphic file (type png)
<use salto.png>
Package pdftex.def Info: salto.png  used on input line 1069.
(pdftex.def)             Requested size: 443.57848pt x 121.11647pt.
 [61 <./Operare sui registri di stato.png> <./salto.png>]
<subroutine.png, id=279, 638.385pt x 201.00093pt>
File: subroutine.png Graphic file (type png)
<use subroutine.png>
Package pdftex.def Info: subroutine.png  used on input line 1075.
(pdftex.def)             Requested size: 443.57848pt x 139.66609pt.

Underfull \hbox (badness 10000) in paragraph at lines 1078--1080

 []

<input o out.png, id=280, 621.82312pt x 100.12407pt>
File: input o out.png Graphic file (type png)
<use input o out.png>
Package pdftex.def Info: input o out.png  used on input line 1085.
(pdftex.def)             Requested size: 443.57848pt x 71.42468pt.
[62 <./subroutine.png> <./input o out.png>]
Underfull \hbox (badness 10000) in paragraph at lines 1088--1091

 []

[63] (Architetture_degli_Elaboratori.aux)
 ***********
LaTeX2e <2023-11-01> patch level 1
L3 programming layer <2024-03-14>
 ***********


LaTeX Warning: There were multiply-defined labels.

 ) 
Here is how much of TeX's memory you used:
 8097 strings out of 474424
 131168 string characters out of 5741739
 2076496 words of memory out of 5000000
 30377 multiletter control sequences out of 15000+600000
 566672 words of font info for 65 fonts, out of 8000000 for 9000
 1141 hyphenation exceptions out of 8191
 67i,8n,77p,1592b,1767s stack positions out of 10000i,1000n,20000p,200000b,200000s
 <C:\Users\cales\AppData\Local\MiKTeX\fonts/pk/ljfour/jknappen/ec/dpi600\tctt1000.pk> <C:\Users\cales\AppData\Local\MiKTeX\fonts/pk/ljfour/jknappen/ec/dpi600\tcss1200.pk><C:/Users/cales/AppData/Local/Programs/MiKTeX/fonts/type1/public/amsfonts/cm/cmmi12.pfb><C:/Users/cales/AppData/Local/Programs/MiKTeX/fonts/type1/public/amsfonts/cm/cmr12.pfb><C:/Users/cales/AppData/Local/Programs/MiKTeX/fonts/type1/public/amsfonts/cm/cmr8.pfb><C:/Users/cales/AppData/Local/Programs/MiKTeX/fonts/type1/public/amsfonts/cm/cmss10.pfb><C:/Users/cales/AppData/Local/Programs/MiKTeX/fonts/type1/public/amsfonts/cm/cmss12.pfb><C:/Users/cales/AppData/Local/Programs/MiKTeX/fonts/type1/public/amsfonts/cm/cmss17.pfb><C:/Users/cales/AppData/Local/Programs/MiKTeX/fonts/type1/public/amsfonts/cm/cmss8.pfb><C:/Users/cales/AppData/Local/Programs/MiKTeX/fonts/type1/public/amsfonts/cm/cmssbx10.pfb><C:/Users/cales/AppData/Local/Programs/MiKTeX/fonts/type1/public/amsfonts/cm/cmssi12.pfb><C:/Users/cales/AppData/Local/Programs/MiKTeX/fonts/type1/public/amsfonts/cm/cmsy10.pfb><C:/Users/cales/AppData/Local/Programs/MiKTeX/fonts/type1/public/amsfonts/cm/cmsy6.pfb><C:/Users/cales/AppData/Local/Programs/MiKTeX/fonts/type1/public/amsfonts/cm/cmtt10.pfb>
Output written on Architetture_degli_Elaboratori.pdf (63 pages, 1826991 bytes).
PDF statistics:
 350 PDF objects out of 1000 (max. 8388607)
 0 named destinations out of 1000 (max. 500000)
 186 words of extra memory for PDF output out of 10000 (max. 10000000)

